0 info it worked if it ends with ok
1 verbose cli [ '/usr/local/bin/node',
1 verbose cli   '/usr/local/bin/npm',
1 verbose cli   'install',
1 verbose cli   '-g',
1 verbose cli   'cca' ]
2 info using npm@1.3.14
3 info using node@v0.10.22
4 verbose cache add [ 'cca', null ]
5 verbose cache add name=undefined spec="cca" args=["cca",null]
6 verbose parsed url { protocol: null,
6 verbose parsed url   slashes: null,
6 verbose parsed url   auth: null,
6 verbose parsed url   host: null,
6 verbose parsed url   port: null,
6 verbose parsed url   hostname: null,
6 verbose parsed url   hash: null,
6 verbose parsed url   search: null,
6 verbose parsed url   query: null,
6 verbose parsed url   pathname: 'cca',
6 verbose parsed url   path: 'cca',
6 verbose parsed url   href: 'cca' }
7 silly lockFile 2662d969-cca cca
8 verbose lock cca /Users/chris/.npm/2662d969-cca.lock
9 silly lockFile 2662d969-cca cca
10 silly lockFile 2662d969-cca cca
11 verbose addNamed [ 'cca', '' ]
12 verbose addNamed [ null, '*' ]
13 silly lockFile e49264f1-cca cca@
14 verbose lock cca@ /Users/chris/.npm/e49264f1-cca.lock
15 silly addNameRange { name: 'cca', range: '*', hasData: false }
16 verbose url raw cca
17 verbose url resolving [ 'https://registry.npmjs.org/', './cca' ]
18 verbose url resolved https://registry.npmjs.org/cca
19 info trying registry request attempt 1 at 16:46:08
20 http GET https://registry.npmjs.org/cca
21 info retry will retry, error on last attempt: Error: SELF_SIGNED_CERT_IN_CHAIN
22 info trying registry request attempt 2 at 16:46:19
23 http GET https://registry.npmjs.org/cca
24 info retry will retry, error on last attempt: Error: SELF_SIGNED_CERT_IN_CHAIN
25 info trying registry request attempt 3 at 16:47:19
26 http GET https://registry.npmjs.org/cca
27 silly lockFile e49264f1-cca cca@
28 silly lockFile e49264f1-cca cca@
29 error Error: SELF_SIGNED_CERT_IN_CHAIN
29 error     at SecurePair.<anonymous> (tls.js:1362:32)
29 error     at SecurePair.EventEmitter.emit (events.js:92:17)
29 error     at SecurePair.maybeInitFinished (tls.js:974:10)
29 error     at CleartextStream.read [as _read] (tls.js:462:15)
29 error     at CleartextStream.Readable.read (_stream_readable.js:320:10)
29 error     at EncryptedStream.write [as _write] (tls.js:366:25)
29 error     at doWrite (_stream_writable.js:221:10)
29 error     at writeOrBuffer (_stream_writable.js:211:5)
29 error     at EncryptedStream.Writable.write (_stream_writable.js:180:11)
29 error     at write (_stream_readable.js:583:24)
30 error If you need help, you may report this log at:
30 error     <http://github.com/isaacs/npm/issues>
30 error or email it to:
30 error     <npm-@googlegroups.com>
31 error System Darwin 13.0.0
32 error command "/usr/local/bin/node" "/usr/local/bin/npm" "install" "-g" "cca"
33 error cwd /Users/chris/Sites/moye/src/css
34 error node -v v0.10.22
35 error npm -v 1.3.14
36 verbose exit [ 1, true ]
